<?xml version="1.0" encoding="UTF-8"?>
<!-- Generated by org.testng.reporters.JUnitReportReporter -->
<testsuite hostname="IN01N00514" name="com.Runner.TestRunner" tests="1" failures="0" timestamp="14 Mar 2022 08:36:05 GMT" time="15.998" errors="0">
  <testcase name="feature" time="15.998" classname="com.Runner.TestRunner"/>
</testsuite> <!-- com.Runner.TestRunner -->
