<?xml version="1.0" encoding="UTF-8"?>
<!-- Generated by org.testng.reporters.JUnitReportReporter -->
<testsuite hostname="IN01N00514" name="com.Runner.TestRunner" tests="8" failures="0" timestamp="21 Mar 2022 07:06:24 GMT" time="48.816" errors="0">
  <testcase name="feature" time="5.543" classname="com.Runner.TestRunner"/>
  <testcase name="feature" time="5.801" classname="com.Runner.TestRunner"/>
  <testcase name="feature" time="6.138" classname="com.Runner.TestRunner"/>
  <testcase name="feature" time="8.416" classname="com.Runner.TestRunner"/>
  <testcase name="feature" time="5.832" classname="com.Runner.TestRunner"/>
  <testcase name="feature" time="5.454" classname="com.Runner.TestRunner"/>
  <testcase name="feature" time="5.953" classname="com.Runner.TestRunner"/>
  <testcase name="feature" time="5.679" classname="com.Runner.TestRunner"/>
</testsuite> <!-- com.Runner.TestRunner -->
