<?xml version="1.0" encoding="UTF-8"?>
<!-- Generated by org.testng.reporters.JUnitReportReporter -->
<testsuite hostname="GoldenEYE" name="com.Runner.TestRunner" tests="1" failures="0" timestamp="15 Mar 2022 11:02:01 GMT" time="5.660" errors="0">
  <testcase name="feature" time="5.660" classname="com.Runner.TestRunner"/>
</testsuite> <!-- com.Runner.TestRunner -->
