<?xml version="1.0" encoding="UTF-8"?>
<!-- Generated by org.testng.reporters.JUnitReportReporter -->
<testsuite hostname="GoldenEYE" name="com.Runner.TestRunner" tests="1" failures="0" timestamp="28 Feb 2022 07:00:41 GMT" time="10.429" errors="0">
  <testcase name="feature" time="10.429" classname="com.Runner.TestRunner"/>
</testsuite> <!-- com.Runner.TestRunner -->
