<?xml version="1.0" encoding="UTF-8"?>
<!-- Generated by org.testng.reporters.JUnitReportReporter -->
<testsuite hostname="IN01N00514" name="com.Runner.TestRunner" tests="8" failures="0" timestamp="30 Mar 2022 10:09:28 GMT" time="318.996" errors="0">
  <testcase name="feature" time="31.075" classname="com.Runner.TestRunner"/>
  <testcase name="feature" time="32.593" classname="com.Runner.TestRunner"/>
  <testcase name="feature" time="23.720" classname="com.Runner.TestRunner"/>
  <testcase name="feature" time="77.208" classname="com.Runner.TestRunner"/>
  <testcase name="feature" time="25.890" classname="com.Runner.TestRunner"/>
  <testcase name="feature" time="22.352" classname="com.Runner.TestRunner"/>
  <testcase name="feature" time="70.241" classname="com.Runner.TestRunner"/>
  <testcase name="feature" time="35.917" classname="com.Runner.TestRunner"/>
</testsuite> <!-- com.Runner.TestRunner -->
